04-Sep-2025 14:33:35.264 INFO [main] org.apache.catalina.startup.VersionLoggerListener.log 서버 버전 이름:    Apache Tomcat/9.0.108
04-Sep-2025 14:33:35.268 INFO [main] org.apache.catalina.startup.VersionLoggerListener.log Server 빌드 시각:  Jul 31 2025 18:19:48 UTC
04-Sep-2025 14:33:35.269 INFO [main] org.apache.catalina.startup.VersionLoggerListener.log Server 버전 번호:  9.0.108.0
04-Sep-2025 14:33:35.269 INFO [main] org.apache.catalina.startup.VersionLoggerListener.log 운영체제 이름:     Windows 10
04-Sep-2025 14:33:35.269 INFO [main] org.apache.catalina.startup.VersionLoggerListener.log 운영체제 버전:     10.0
04-Sep-2025 14:33:35.269 INFO [main] org.apache.catalina.startup.VersionLoggerListener.log 아키텍처:          amd64
04-Sep-2025 14:33:35.269 INFO [main] org.apache.catalina.startup.VersionLoggerListener.log 자바 홈:           C:\Java\jdk-21
04-Sep-2025 14:33:35.270 INFO [main] org.apache.catalina.startup.VersionLoggerListener.log JVM 버전:          21.0.7+8-LTS-245
04-Sep-2025 14:33:35.270 INFO [main] org.apache.catalina.startup.VersionLoggerListener.log JVM 벤더:          Oracle Corporation
04-Sep-2025 14:33:35.270 INFO [main] org.apache.catalina.startup.VersionLoggerListener.log CATALINA_BASE:     C:\Jsp\tomcat 9.0
04-Sep-2025 14:33:35.270 INFO [main] org.apache.catalina.startup.VersionLoggerListener.log CATALINA_HOME:     C:\Jsp\tomcat 9.0
04-Sep-2025 14:33:35.279 INFO [main] org.apache.catalina.startup.VersionLoggerListener.log 명령 행 아규먼트:  -Dcatalina.home=C:\Jsp\tomcat 9.0
04-Sep-2025 14:33:35.279 INFO [main] org.apache.catalina.startup.VersionLoggerListener.log 명령 행 아규먼트:  -Dcatalina.base=C:\Jsp\tomcat 9.0
04-Sep-2025 14:33:35.279 INFO [main] org.apache.catalina.startup.VersionLoggerListener.log 명령 행 아규먼트:  -Djava.io.tmpdir=C:\Jsp\tomcat 9.0\temp
04-Sep-2025 14:33:35.279 INFO [main] org.apache.catalina.startup.VersionLoggerListener.log 명령 행 아규먼트:  -Djava.util.logging.manager=org.apache.juli.ClassLoaderLogManager
04-Sep-2025 14:33:35.280 INFO [main] org.apache.catalina.startup.VersionLoggerListener.log 명령 행 아규먼트:  -Djava.util.logging.config.file=C:\Jsp\tomcat 9.0\conf\logging.properties
04-Sep-2025 14:33:35.280 INFO [main] org.apache.catalina.startup.VersionLoggerListener.log 명령 행 아규먼트:  --add-opens=java.base/java.lang=ALL-UNNAMED
04-Sep-2025 14:33:35.280 INFO [main] org.apache.catalina.startup.VersionLoggerListener.log 명령 행 아규먼트:  --add-opens=java.base/java.io=ALL-UNNAMED
04-Sep-2025 14:33:35.280 INFO [main] org.apache.catalina.startup.VersionLoggerListener.log 명령 행 아규먼트:  --add-opens=java.rmi/sun.rmi.transport=ALL-UNNAMED
04-Sep-2025 14:33:35.280 INFO [main] org.apache.catalina.startup.VersionLoggerListener.log 명령 행 아규먼트:  exit
04-Sep-2025 14:33:35.280 INFO [main] org.apache.catalina.startup.VersionLoggerListener.log 명령 행 아규먼트:  abort
04-Sep-2025 14:33:35.280 INFO [main] org.apache.catalina.startup.VersionLoggerListener.log 명령 행 아규먼트:  -Xms128m
04-Sep-2025 14:33:35.280 INFO [main] org.apache.catalina.startup.VersionLoggerListener.log 명령 행 아규먼트:  -Xmx256m
04-Sep-2025 14:33:35.297 INFO [main] org.apache.catalina.core.AprLifecycleListener.lifecycleEvent 프로덕션 환경들에서 최적의 성능을 제공하는, APR 기반 Apache Tomcat Native 라이브러리가, 다음 java.library.path에서 발견되지 않습니다: [C:\Jsp\tomcat 9.0\bin;C:\WINDOWS\Sun\Java\bin;C:\WINDOWS\system32;C:\WINDOWS;C:\Java\jdk-21\bin;C:\oraclexe\app\oracle\product\11.2.0\server\bin;;C:\Java\jdk-21\bin;C:\WINDOWS\system32;C:\WINDOWS;C:\WINDOWS\System32\Wbem;C:\WINDOWS\System32\WindowsPowerShell\v1.0\;C:\WINDOWS\System32\OpenSSH\;C:\Program Files\Bandizip\;C:\WINDOWS\ServiceProfiles\LocalService\AppData\Local\Microsoft\WindowsApps;.]
04-Sep-2025 14:33:35.702 INFO [main] org.apache.coyote.AbstractProtocol.init 프로토콜 핸들러 ["http-nio-80"]을(를) 초기화합니다.
04-Sep-2025 14:33:35.733 INFO [main] org.apache.catalina.startup.Catalina.load [734] 밀리초 내에 서버가 초기화되었습니다.
04-Sep-2025 14:33:35.807 INFO [main] org.apache.catalina.core.StandardService.startInternal 서비스 [Catalina]을(를) 시작합니다.
04-Sep-2025 14:33:35.808 INFO [main] org.apache.catalina.core.StandardEngine.startInternal 서버 엔진을 시작합니다: [Apache Tomcat/9.0.108]
04-Sep-2025 14:33:35.819 INFO [main] org.apache.catalina.startup.HostConfig.deployDirectory 웹 애플리케이션 디렉토리 [C:\Jsp\tomcat 9.0\webapps\docs]을(를) 배치합니다.
04-Sep-2025 14:33:36.204 INFO [main] org.apache.catalina.startup.HostConfig.deployDirectory 웹 애플리케이션 디렉토리 [C:\Jsp\tomcat 9.0\webapps\docs]에 대한 배치가 [381] 밀리초에 완료되었습니다.
04-Sep-2025 14:33:36.204 INFO [main] org.apache.catalina.startup.HostConfig.deployDirectory 웹 애플리케이션 디렉토리 [C:\Jsp\tomcat 9.0\webapps\examples]을(를) 배치합니다.
04-Sep-2025 14:33:37.016 INFO [main] org.apache.catalina.startup.HostConfig.deployDirectory 웹 애플리케이션 디렉토리 [C:\Jsp\tomcat 9.0\webapps\examples]에 대한 배치가 [811] 밀리초에 완료되었습니다.
04-Sep-2025 14:33:37.016 INFO [main] org.apache.catalina.startup.HostConfig.deployDirectory 웹 애플리케이션 디렉토리 [C:\Jsp\tomcat 9.0\webapps\host-manager]을(를) 배치합니다.
04-Sep-2025 14:33:37.071 INFO [main] org.apache.catalina.startup.HostConfig.deployDirectory 웹 애플리케이션 디렉토리 [C:\Jsp\tomcat 9.0\webapps\host-manager]에 대한 배치가 [55] 밀리초에 완료되었습니다.
04-Sep-2025 14:33:37.072 INFO [main] org.apache.catalina.startup.HostConfig.deployDirectory 웹 애플리케이션 디렉토리 [C:\Jsp\tomcat 9.0\webapps\manager]을(를) 배치합니다.
04-Sep-2025 14:33:37.127 INFO [main] org.apache.catalina.startup.HostConfig.deployDirectory 웹 애플리케이션 디렉토리 [C:\Jsp\tomcat 9.0\webapps\manager]에 대한 배치가 [54] 밀리초에 완료되었습니다.
04-Sep-2025 14:33:37.127 INFO [main] org.apache.catalina.startup.HostConfig.deployDirectory 웹 애플리케이션 디렉토리 [C:\Jsp\tomcat 9.0\webapps\ROOT]을(를) 배치합니다.
04-Sep-2025 14:33:37.167 INFO [main] org.apache.catalina.startup.HostConfig.deployDirectory 웹 애플리케이션 디렉토리 [C:\Jsp\tomcat 9.0\webapps\ROOT]에 대한 배치가 [40] 밀리초에 완료되었습니다.
04-Sep-2025 14:33:37.173 INFO [main] org.apache.coyote.AbstractProtocol.start 프로토콜 핸들러 ["http-nio-80"]을(를) 시작합니다.
04-Sep-2025 14:33:37.198 INFO [main] org.apache.catalina.startup.Catalina.start 서버가 [1464] 밀리초 내에 시작되었습니다.
04-Sep-2025 14:43:26.273 INFO [Thread-2] org.apache.coyote.AbstractProtocol.pause 프로토콜 핸들러 ["http-nio-80"]을(를) 일시 정지 중
04-Sep-2025 14:43:26.277 INFO [Thread-2] org.apache.catalina.core.StandardService.stopInternal 서비스 [Catalina]을(를) 중지시킵니다.
04-Sep-2025 14:43:26.301 INFO [Thread-2] org.apache.coyote.AbstractProtocol.stop 프로토콜 핸들러 ["http-nio-80"]을(를) 중지시킵니다.
04-Sep-2025 14:43:26.306 INFO [Thread-2] org.apache.coyote.AbstractProtocol.destroy 프로토콜 핸들러 ["http-nio-80"]을(를) 소멸시킵니다.
